<?xml version='1.0' encoding='utf-8' standalone='yes' ?>
<testsuite tests="1" failures="1" errors="0" skipped="0" time="24.532" timestamp="2017-11-30T10:01Z">
  <properties>
    <property name="device.manufacturer" value="LGE" />
    <property name="device.model" value="Nexus 5X" />
    <property name="device.apiLevel" value="26" />
  </properties>
  <testcase name="checkDevices(com.playmigo.sdktest.ReceiverTest)" classname="com.playmigo.sdktest.ReceiverTest" time="24.514">
    <failure type="java.lang.AssertionError" message="&#10;Expected: a value greater than &lt;5699L&gt;&#10;     but: &lt;5699L&gt; was equal to &lt;5699L&gt;">java.lang.AssertionError: 
Expected: a value greater than &lt;5699L&gt;
     but: &lt;5699L&gt; was equal to &lt;5699L&gt;
    at org.hamcrest.MatcherAssert.assertThat(MatcherAssert.java:20)
    at org.junit.Assert.assertThat(Assert.java:956)
    at org.junit.Assert.assertThat(Assert.java:923)
    at com.playmigo.sdktest.helper.FutureListener.assertFuture(FutureListener.java:88)
    at com.playmigo.sdktest.helper.FutureListener.assertFuture(FutureListener.java:77)
    at com.playmigo.sdktest.capabilities.MediaControlTest.testPlayDirection(MediaControlTest.java:146)
    at com.playmigo.sdktest.capabilities.MediaControlTest.testPauseFull(MediaControlTest.java:70)
    at com.playmigo.sdktest.ReceiverTest.singleContentTest(ReceiverTest.java:32)
    at com.playmigo.sdktest.ReceiverTest.checkDevices(ReceiverTest.java:58)
    at java.lang.reflect.Method.invoke(Native Method)
    at org.junit.runners.model.FrameworkMethod$1.runReflectiveCall(FrameworkMethod.java:50)
    at org.junit.internal.runners.model.ReflectiveCallable.run(ReflectiveCallable.java:12)
    at org.junit.runners.model.FrameworkMethod.invokeExplosively(FrameworkMethod.java:47)
    at org.junit.internal.runners.statements.InvokeMethod.evaluate(InvokeMethod.java:17)
    at org.junit.runners.ParentRunner.runLeaf(ParentRunner.java:325)
    at org.junit.runners.BlockJUnit4ClassRunner.runChild(BlockJUnit4ClassRunner.java:78)
    at org.junit.runners.BlockJUnit4ClassRunner.runChild(BlockJUnit4ClassRunner.java:57)
    at org.junit.runners.ParentRunner$3.run(ParentRunner.java:290)
    at org.junit.runners.ParentRunner$1.schedule(ParentRunner.java:71)
    at org.junit.runners.ParentRunner.runChildren(ParentRunner.java:288)
    at org.junit.runners.ParentRunner.access$000(ParentRunner.java:58)
    at org.junit.runners.ParentRunner$2.evaluate(ParentRunner.java:268)
    at org.junit.runners.ParentRunner.run(ParentRunner.java:363)
    at org.junit.runners.Suite.runChild(Suite.java:128)
    at org.junit.runners.Suite.runChild(Suite.java:27)
    at org.junit.runners.ParentRunner$3.run(ParentRunner.java:290)
    at org.junit.runners.ParentRunner$1.schedule(ParentRunner.java:71)
    at org.junit.runners.ParentRunner.runChildren(ParentRunner.java:288)
    at org.junit.runners.ParentRunner.access$000(ParentRunner.java:58)
    at org.junit.runners.ParentRunner$2.evaluate(ParentRunner.java:268)
    at org.junit.runners.ParentRunner.run(ParentRunner.java:363)
    at org.junit.runners.Suite.runChild(Suite.java:128)
    at org.junit.runners.Suite.runChild(Suite.java:27)
    at org.junit.runners.ParentRunner$3.run(ParentRunner.java:290)
    at org.junit.runners.ParentRunner$1.schedule(ParentRunner.java:71)
    at org.junit.runners.ParentRunner.runChildren(ParentRunner.java:288)
    at org.junit.runners.ParentRunner.access$000(ParentRunner.java:58)
    at org.junit.runners.ParentRunner$2.evaluate(ParentRunner.java:268)
    at org.junit.runners.ParentRunner.run(ParentRunner.java:363)
    at org.junit.runner.JUnitCore.run(JUnitCore.java:137)
    at org.junit.runner.JUnitCore.run(JUnitCore.java:115)
    at android.support.test.internal.runner.TestExecutor.execute(TestExecutor.java:58)
    at android.support.test.runner.AndroidJUnitRunner.onStart(AndroidJUnitRunner.java:375)
    at android.app.Instrumentation$InstrumentationThread.run(Instrumentation.java:2074)
</failure>
  </testcase>
</testsuite>